<?xml version="1.0" encoding="UTF-8"?>
<!-- Generated by org.testng.reporters.JUnitReportReporter -->
<testsuite hostname="Win10-2-206" failures="0" tests="3" name="com.qa.zerobank.TestCases.AccountSummaryPageTestCases" time="33.489" errors="0" timestamp="2022-01-13T18:55:12 IST" skipped="0">
  <testcase classname="com.qa.zerobank.TestCases.AccountSummaryPageTestCases" name="validateAccountSummaryPageTitle" time="9.855"/>
  <system-out/>
  <testcase classname="com.qa.zerobank.TestCases.AccountSummaryPageTestCases" name="payBillsTest" time="13.704"/>
  <system-out/>
  <testcase classname="com.qa.zerobank.TestCases.AccountSummaryPageTestCases" name="signOutTest" time="9.930"/>
  <system-out/>
</testsuite> <!-- com.qa.zerobank.TestCases.AccountSummaryPageTestCases -->
