<?xml version="1.0" encoding="UTF-8"?>
<!-- Generated by org.testng.reporters.JUnitReportReporter -->
<testsuite hostname="Win10-2-208" failures="0" tests="3" name="com.qa.zerobank.TestCases.HomePageTestCases" time="14.884" errors="0" timestamp="2022-01-10T23:25:29 IST" skipped="0">
  <testcase classname="com.qa.zerobank.TestCases.HomePageTestCases" name="ValidateLogo" time="4.545"/>
  <system-out/>
  <testcase classname="com.qa.zerobank.TestCases.HomePageTestCases" name="ValidateHomePage" time="4.241"/>
  <system-out/>
  <testcase classname="com.qa.zerobank.TestCases.HomePageTestCases" name="signInButtonTest" time="6.098"/>
  <system-out/>
</testsuite> <!-- com.qa.zerobank.TestCases.HomePageTestCases -->
